2025-11-08 21:09:45,036 INFO o.a.j.u.JMeterUtils: Setting Locale to en_EN
2025-11-08 21:09:45,058 INFO o.a.j.JMeter: Loading user properties from: C:\Users\Usuario\apache-jmeter-5.6.3\bin\user.properties
2025-11-08 21:09:45,059 INFO o.a.j.JMeter: Loading system properties from: C:\Users\Usuario\apache-jmeter-5.6.3\bin\system.properties
2025-11-08 21:09:45,066 INFO o.a.j.JMeter: Copyright (c) 1998-2024 The Apache Software Foundation
2025-11-08 21:09:45,066 INFO o.a.j.JMeter: Version 5.6.3
2025-11-08 21:09:45,066 INFO o.a.j.JMeter: java.version=21.0.9
2025-11-08 21:09:45,066 INFO o.a.j.JMeter: java.vm.name=Java HotSpot(TM) 64-Bit Server VM
2025-11-08 21:09:45,066 INFO o.a.j.JMeter: os.name=Windows 11
2025-11-08 21:09:45,066 INFO o.a.j.JMeter: os.arch=amd64
2025-11-08 21:09:45,066 INFO o.a.j.JMeter: os.version=10.0
2025-11-08 21:09:45,066 INFO o.a.j.JMeter: file.encoding=UTF-8
2025-11-08 21:09:45,066 INFO o.a.j.JMeter: java.awt.headless=true
2025-11-08 21:09:45,067 INFO o.a.j.JMeter: Max memory     =1073741824
2025-11-08 21:09:45,067 INFO o.a.j.JMeter: Available Processors =16
2025-11-08 21:09:45,076 INFO o.a.j.JMeter: Default Locale=English (EN)
2025-11-08 21:09:45,076 INFO o.a.j.JMeter: JMeter  Locale=English (EN)
2025-11-08 21:09:45,076 INFO o.a.j.JMeter: JMeterHome=C:\Users\Usuario\apache-jmeter-5.6.3
2025-11-08 21:09:45,076 INFO o.a.j.JMeter: user.dir  =C:\Users\Usuario\repositorios\desafio-tecnico-qa-lacrei-saude
2025-11-08 21:09:45,076 INFO o.a.j.JMeter: PWD       =C:\Users\Usuario\repositorios\desafio-tecnico-qa-lacrei-saude
2025-11-08 21:09:45,092 INFO o.a.j.JMeter: IP: 192.168.1.119 Name: DESKTOP-JLUJOVD FullName: 192.168.1.119
2025-11-08 21:09:45,103 INFO o.a.j.JMeter: Setting property 'jmeter.reportgenerator.outputdir' to:'C:\Users\Usuario\repositorios\desafio-tecnico-qa-lacrei-saude\tests\performance\results\report'
2025-11-08 21:09:45,106 INFO o.a.j.s.FileServer: Default base='C:\Users\Usuario\repositorios\desafio-tecnico-qa-lacrei-saude'
2025-11-08 21:09:45,107 INFO o.a.j.s.FileServer: Set new base='C:\Users\Usuario\repositorios\desafio-tecnico-qa-lacrei-saude\tests\performance\jmeter'
2025-11-08 21:09:45,326 INFO o.a.j.s.SaveService: Testplan (JMX) version: 2.2. Testlog (JTL) version: 2.2
2025-11-08 21:09:45,359 INFO o.a.j.s.SaveService: Using SaveService properties version 5.0
2025-11-08 21:09:45,362 INFO o.a.j.s.SaveService: Using SaveService properties file encoding UTF-8
2025-11-08 21:09:45,367 INFO o.a.j.s.SaveService: Loading file: tests\performance\jmeter\estabilidade_carga.jmx
2025-11-08 21:09:45,425 INFO o.a.j.p.h.s.HTTPSamplerBase: Parser for text/html is org.apache.jmeter.protocol.http.parser.LagartoBasedHtmlParser
2025-11-08 21:09:45,425 INFO o.a.j.p.h.s.HTTPSamplerBase: Parser for application/xhtml+xml is org.apache.jmeter.protocol.http.parser.LagartoBasedHtmlParser
2025-11-08 21:09:45,425 INFO o.a.j.p.h.s.HTTPSamplerBase: Parser for application/xml is org.apache.jmeter.protocol.http.parser.LagartoBasedHtmlParser
2025-11-08 21:09:45,425 INFO o.a.j.p.h.s.HTTPSamplerBase: Parser for text/xml is org.apache.jmeter.protocol.http.parser.LagartoBasedHtmlParser
2025-11-08 21:09:45,425 INFO o.a.j.p.h.s.HTTPSamplerBase: Parser for text/vnd.wap.wml is org.apache.jmeter.protocol.http.parser.RegexpHTMLParser
2025-11-08 21:09:45,425 INFO o.a.j.p.h.s.HTTPSamplerBase: Parser for text/css is org.apache.jmeter.protocol.http.parser.CssParser
2025-11-08 21:09:45,453 INFO o.a.j.JMeter: Creating summariser <summary>
2025-11-08 21:09:45,457 INFO o.a.j.r.d.ReportGenerator: ReportGenerator will use for Parsing the separator: ','
2025-11-08 21:09:45,457 INFO o.a.j.r.d.ReportGenerator: Will generate report at end of test from  results file: tests/performance/results/run.jtl
2025-11-08 21:09:45,457 INFO o.a.j.r.d.ReportGenerator: Reading report generator properties from: C:\Users\Usuario\apache-jmeter-5.6.3\bin\reportgenerator.properties
2025-11-08 21:09:45,458 INFO o.a.j.r.d.ReportGenerator: Merging with JMeter properties
2025-11-08 21:09:45,462 INFO o.a.j.r.c.ReportGeneratorConfiguration: Property 'jmeter.reportgenerator.temp_dir' not found, using default value 'temp' instead.
2025-11-08 21:09:45,464 INFO o.a.j.r.c.ReportGeneratorConfiguration: Property 'jmeter.reportgenerator.apdex_per_transaction' not found, using default value 'null' instead.
2025-11-08 21:09:45,464 INFO o.a.j.r.c.ReportGeneratorConfiguration: apdex_per_transaction is empty, not APDEX per transaction customization
2025-11-08 21:09:45,464 INFO o.a.j.r.c.ReportGeneratorConfiguration: Property 'jmeter.reportgenerator.sample_filter' not found, using default value 'null' instead.
2025-11-08 21:09:45,464 INFO o.a.j.r.c.ReportGeneratorConfiguration: Property 'jmeter.reportgenerator.report_title' not found, using default value 'null' instead.
2025-11-08 21:09:45,464 INFO o.a.j.r.c.ReportGeneratorConfiguration: Property 'jmeter.reportgenerator.start_date' not found, using default value 'null' instead.
2025-11-08 21:09:45,464 INFO o.a.j.r.c.ReportGeneratorConfiguration: Property 'jmeter.reportgenerator.end_date' not found, using default value 'null' instead.
2025-11-08 21:09:45,465 INFO o.a.j.r.c.ReportGeneratorConfiguration: Property 'jmeter.reportgenerator.date_format' not found, using default value 'null' instead.
2025-11-08 21:09:45,465 INFO o.a.j.r.c.ReportGeneratorConfiguration: Will use date range start date: null, end date: null
2025-11-08 21:09:45,469 INFO o.a.j.r.c.ReportGeneratorConfiguration: Property 'jmeter.reportgenerator.graph.totalTPS.exclude_controllers' not found, using default value 'false' instead.
2025-11-08 21:09:45,469 INFO o.a.j.r.c.ReportGeneratorConfiguration: Property 'jmeter.reportgenerator.graph.activeThreadsOverTime.exclude_controllers' not found, using default value 'false' instead.
2025-11-08 21:09:45,469 INFO o.a.j.r.c.ReportGeneratorConfiguration: Property 'jmeter.reportgenerator.graph.timeVsThreads.exclude_controllers' not found, using default value 'false' instead.
2025-11-08 21:09:45,470 INFO o.a.j.r.c.ReportGeneratorConfiguration: Property 'jmeter.reportgenerator.graph.responseTimeDistribution.exclude_controllers' not found, using default value 'false' instead.
2025-11-08 21:09:45,470 INFO o.a.j.r.c.ReportGeneratorConfiguration: Property 'jmeter.reportgenerator.graph.transactionsPerSecond.exclude_controllers' not found, using default value 'false' instead.
2025-11-08 21:09:45,470 INFO o.a.j.r.c.ReportGeneratorConfiguration: Property 'jmeter.reportgenerator.graph.responseTimePercentiles.exclude_controllers' not found, using default value 'false' instead.
2025-11-08 21:09:45,470 INFO o.a.j.r.c.ReportGeneratorConfiguration: Property 'jmeter.reportgenerator.graph.responseTimePercentilesOverTime.exclude_controllers' not found, using default value 'false' instead.
2025-11-08 21:09:45,470 INFO o.a.j.r.c.ReportGeneratorConfiguration: Property 'jmeter.reportgenerator.graph.responseTimesOverTime.exclude_controllers' not found, using default value 'false' instead.
2025-11-08 21:09:45,471 INFO o.a.j.r.c.ReportGeneratorConfiguration: Property 'jmeter.reportgenerator.graph.connectTimeOverTime.exclude_controllers' not found, using default value 'false' instead.
2025-11-08 21:09:45,472 INFO o.a.j.r.c.ReportGeneratorConfiguration: Property 'jmeter.reportgenerator.graph.latenciesOverTime.exclude_controllers' not found, using default value 'false' instead.
2025-11-08 21:09:45,473 INFO o.a.j.r.c.ReportGeneratorConfiguration: Property 'jmeter.reportgenerator.exporter.json.filters_only_sample_series' not found, using default value 'true' instead.
2025-11-08 21:09:45,473 INFO o.a.j.r.c.ReportGeneratorConfiguration: Property 'jmeter.reportgenerator.exporter.json.series_filter' not found, using default value '' instead.
2025-11-08 21:09:45,473 INFO o.a.j.r.c.ReportGeneratorConfiguration: Property 'jmeter.reportgenerator.exporter.json.show_controllers_only' not found, using default value 'false' instead.
2025-11-08 21:09:45,473 INFO o.a.j.r.c.ReportGeneratorConfiguration: Property 'jmeter.reportgenerator.exporter.html.filters_only_sample_series' not found, using default value 'true' instead.
2025-11-08 21:09:45,474 INFO o.a.j.r.c.ReportGeneratorConfiguration: Property 'jmeter.reportgenerator.exporter.html.series_filter' not found, using default value '' instead.
2025-11-08 21:09:45,474 INFO o.a.j.r.c.ReportGeneratorConfiguration: Property 'jmeter.reportgenerator.exporter.html.show_controllers_only' not found, using default value 'false' instead.
2025-11-08 21:09:45,489 INFO o.a.j.e.StandardJMeterEngine: Running the test!
2025-11-08 21:09:45,490 INFO o.a.j.s.SampleEvent: List of sample_variables: []
2025-11-08 21:09:45,490 INFO o.a.j.s.SampleEvent: List of sample_variables: []
2025-11-08 21:09:45,496 INFO o.a.j.e.u.CompoundVariable: Note: Function class names must contain the string: '.functions.'
2025-11-08 21:09:45,496 INFO o.a.j.e.u.CompoundVariable: Note: Function class names must not contain the string: '.gui.'
2025-11-08 21:09:45,600 INFO o.a.j.JMeter: Running test (1762646985600)
2025-11-08 21:09:45,621 INFO o.a.j.e.StandardJMeterEngine: Starting ThreadGroup: 1 : Usuários Simultâneos
2025-11-08 21:09:45,621 INFO o.a.j.e.StandardJMeterEngine: Starting 30 threads for group Usuários Simultâneos.
2025-11-08 21:09:45,622 INFO o.a.j.e.StandardJMeterEngine: Thread will continue on error
2025-11-08 21:09:45,622 INFO o.a.j.t.ThreadGroup: Starting thread group... number=1 threads=30 ramp-up=20 delayedStart=false
2025-11-08 21:09:45,632 INFO o.a.j.t.JMeterThread: Thread started: Usuários Simultâneos 1-1
2025-11-08 21:09:45,646 INFO o.a.j.t.ThreadGroup: Started thread group number 1
2025-11-08 21:09:45,646 INFO o.a.j.e.StandardJMeterEngine: All thread groups have been started
2025-11-08 21:09:45,662 INFO o.a.j.p.h.s.HTTPHCAbstractImpl: Local host = DESKTOP-JLUJOVD
2025-11-08 21:09:45,670 INFO o.a.j.p.h.s.HTTPHC4Impl: HTTP request retry count = 0
2025-11-08 21:09:45,672 INFO o.a.j.s.SampleResult: Note: Sample TimeStamps are START times
2025-11-08 21:09:45,673 INFO o.a.j.s.SampleResult: sampleresult.default.encoding is set to UTF-8
2025-11-08 21:09:45,673 INFO o.a.j.s.SampleResult: sampleresult.useNanoTime=true
2025-11-08 21:09:45,673 INFO o.a.j.s.SampleResult: sampleresult.nanoThreadSleep=5000
2025-11-08 21:09:45,841 INFO o.a.j.p.h.s.h.LazyLayeredConnectionSocketFactory: Setting up HTTPS TrustAll Socket Factory
2025-11-08 21:09:45,848 INFO o.a.j.u.JsseSSLManager: Using default SSL protocol: TLS
2025-11-08 21:09:45,848 INFO o.a.j.u.JsseSSLManager: SSL session context: per-thread
2025-11-08 21:09:45,950 INFO o.a.j.u.SSLManager: JmeterKeyStore Location:  type JKS
2025-11-08 21:09:45,958 INFO o.a.j.u.SSLManager: KeyStore created OK
2025-11-08 21:09:45,958 WARN o.a.j.u.SSLManager: Keystore file not found, loading empty keystore
2025-11-08 21:09:46,296 INFO o.a.j.t.JMeterThread: Thread started: Usuários Simultâneos 1-2
2025-11-08 21:09:46,488 INFO o.a.j.t.JMeterThread: Thread is done: Usuários Simultâneos 1-1
2025-11-08 21:09:46,488 INFO o.a.j.t.JMeterThread: Thread finished: Usuários Simultâneos 1-1
2025-11-08 21:09:46,594 INFO o.a.j.t.JMeterThread: Thread is done: Usuários Simultâneos 1-2
2025-11-08 21:09:46,594 INFO o.a.j.t.JMeterThread: Thread finished: Usuários Simultâneos 1-2
2025-11-08 21:09:46,962 INFO o.a.j.t.JMeterThread: Thread started: Usuários Simultâneos 1-3
2025-11-08 21:09:47,233 INFO o.a.j.t.JMeterThread: Thread is done: Usuários Simultâneos 1-3
2025-11-08 21:09:47,233 INFO o.a.j.t.JMeterThread: Thread finished: Usuários Simultâneos 1-3
2025-11-08 21:09:47,626 INFO o.a.j.t.JMeterThread: Thread started: Usuários Simultâneos 1-4
2025-11-08 21:09:48,147 INFO o.a.j.t.JMeterThread: Thread is done: Usuários Simultâneos 1-4
2025-11-08 21:09:48,148 INFO o.a.j.t.JMeterThread: Thread finished: Usuários Simultâneos 1-4
2025-11-08 21:09:48,295 INFO o.a.j.t.JMeterThread: Thread started: Usuários Simultâneos 1-5
2025-11-08 21:09:48,535 INFO o.a.j.t.JMeterThread: Thread is done: Usuários Simultâneos 1-5
2025-11-08 21:09:48,536 INFO o.a.j.t.JMeterThread: Thread finished: Usuários Simultâneos 1-5
2025-11-08 21:09:48,960 INFO o.a.j.t.JMeterThread: Thread started: Usuários Simultâneos 1-6
2025-11-08 21:09:49,241 INFO o.a.j.t.JMeterThread: Thread is done: Usuários Simultâneos 1-6
2025-11-08 21:09:49,241 INFO o.a.j.t.JMeterThread: Thread finished: Usuários Simultâneos 1-6
2025-11-08 21:09:49,627 INFO o.a.j.t.JMeterThread: Thread started: Usuários Simultâneos 1-7
2025-11-08 21:09:49,857 INFO o.a.j.t.JMeterThread: Thread is done: Usuários Simultâneos 1-7
2025-11-08 21:09:49,857 INFO o.a.j.t.JMeterThread: Thread finished: Usuários Simultâneos 1-7
2025-11-08 21:09:50,294 INFO o.a.j.t.JMeterThread: Thread started: Usuários Simultâneos 1-8
2025-11-08 21:09:50,600 INFO o.a.j.t.JMeterThread: Thread is done: Usuários Simultâneos 1-8
2025-11-08 21:09:50,600 INFO o.a.j.t.JMeterThread: Thread finished: Usuários Simultâneos 1-8
2025-11-08 21:09:50,959 INFO o.a.j.t.JMeterThread: Thread started: Usuários Simultâneos 1-9
2025-11-08 21:09:51,281 INFO o.a.j.t.JMeterThread: Thread is done: Usuários Simultâneos 1-9
2025-11-08 21:09:51,281 INFO o.a.j.t.JMeterThread: Thread finished: Usuários Simultâneos 1-9
2025-11-08 21:09:51,626 INFO o.a.j.t.JMeterThread: Thread started: Usuários Simultâneos 1-10
2025-11-08 21:09:51,925 INFO o.a.j.t.JMeterThread: Thread is done: Usuários Simultâneos 1-10
2025-11-08 21:09:51,925 INFO o.a.j.t.JMeterThread: Thread finished: Usuários Simultâneos 1-10
2025-11-08 21:09:52,295 INFO o.a.j.t.JMeterThread: Thread started: Usuários Simultâneos 1-11
2025-11-08 21:09:52,557 INFO o.a.j.t.JMeterThread: Thread is done: Usuários Simultâneos 1-11
2025-11-08 21:09:52,557 INFO o.a.j.t.JMeterThread: Thread finished: Usuários Simultâneos 1-11
2025-11-08 21:09:52,962 INFO o.a.j.t.JMeterThread: Thread started: Usuários Simultâneos 1-12
2025-11-08 21:09:53,190 INFO o.a.j.t.JMeterThread: Thread is done: Usuários Simultâneos 1-12
2025-11-08 21:09:53,190 INFO o.a.j.t.JMeterThread: Thread finished: Usuários Simultâneos 1-12
2025-11-08 21:09:53,627 INFO o.a.j.t.JMeterThread: Thread started: Usuários Simultâneos 1-13
2025-11-08 21:09:54,181 INFO o.a.j.t.JMeterThread: Thread is done: Usuários Simultâneos 1-13
2025-11-08 21:09:54,182 INFO o.a.j.t.JMeterThread: Thread finished: Usuários Simultâneos 1-13
2025-11-08 21:09:54,294 INFO o.a.j.t.JMeterThread: Thread started: Usuários Simultâneos 1-14
2025-11-08 21:09:54,769 INFO o.a.j.t.JMeterThread: Thread is done: Usuários Simultâneos 1-14
2025-11-08 21:09:54,770 INFO o.a.j.t.JMeterThread: Thread finished: Usuários Simultâneos 1-14
2025-11-08 21:09:54,963 INFO o.a.j.t.JMeterThread: Thread started: Usuários Simultâneos 1-15
2025-11-08 21:09:55,188 INFO o.a.j.t.JMeterThread: Thread is done: Usuários Simultâneos 1-15
2025-11-08 21:09:55,188 INFO o.a.j.t.JMeterThread: Thread finished: Usuários Simultâneos 1-15
2025-11-08 21:09:55,629 INFO o.a.j.t.JMeterThread: Thread started: Usuários Simultâneos 1-16
2025-11-08 21:09:55,856 INFO o.a.j.t.JMeterThread: Thread is done: Usuários Simultâneos 1-16
2025-11-08 21:09:55,856 INFO o.a.j.t.JMeterThread: Thread finished: Usuários Simultâneos 1-16
2025-11-08 21:09:56,296 INFO o.a.j.t.JMeterThread: Thread started: Usuários Simultâneos 1-17
2025-11-08 21:09:56,538 INFO o.a.j.t.JMeterThread: Thread is done: Usuários Simultâneos 1-17
2025-11-08 21:09:56,538 INFO o.a.j.t.JMeterThread: Thread finished: Usuários Simultâneos 1-17
2025-11-08 21:09:56,962 INFO o.a.j.t.JMeterThread: Thread started: Usuários Simultâneos 1-18
2025-11-08 21:09:57,405 INFO o.a.j.t.JMeterThread: Thread is done: Usuários Simultâneos 1-18
2025-11-08 21:09:57,405 INFO o.a.j.t.JMeterThread: Thread finished: Usuários Simultâneos 1-18
2025-11-08 21:09:57,629 INFO o.a.j.t.JMeterThread: Thread started: Usuários Simultâneos 1-19
2025-11-08 21:09:57,897 INFO o.a.j.t.JMeterThread: Thread is done: Usuários Simultâneos 1-19
2025-11-08 21:09:57,897 INFO o.a.j.t.JMeterThread: Thread finished: Usuários Simultâneos 1-19
2025-11-08 21:09:58,297 INFO o.a.j.t.JMeterThread: Thread started: Usuários Simultâneos 1-20
2025-11-08 21:09:58,508 INFO o.a.j.t.JMeterThread: Thread is done: Usuários Simultâneos 1-20
2025-11-08 21:09:58,524 INFO o.a.j.t.JMeterThread: Thread finished: Usuários Simultâneos 1-20
2025-11-08 21:09:58,964 INFO o.a.j.t.JMeterThread: Thread started: Usuários Simultâneos 1-21
2025-11-08 21:09:59,199 INFO o.a.j.t.JMeterThread: Thread is done: Usuários Simultâneos 1-21
2025-11-08 21:09:59,199 INFO o.a.j.t.JMeterThread: Thread finished: Usuários Simultâneos 1-21
2025-11-08 21:09:59,632 INFO o.a.j.t.JMeterThread: Thread started: Usuários Simultâneos 1-22
2025-11-08 21:09:59,855 INFO o.a.j.t.JMeterThread: Thread is done: Usuários Simultâneos 1-22
2025-11-08 21:09:59,856 INFO o.a.j.t.JMeterThread: Thread finished: Usuários Simultâneos 1-22
2025-11-08 21:10:00,298 INFO o.a.j.t.JMeterThread: Thread started: Usuários Simultâneos 1-23
2025-11-08 21:10:00,517 INFO o.a.j.r.Summariser: summary +     23 in 00:00:15 =    1.5/s Avg:   315 Min:   216 Max:   704 Err:     0 (0.00%) Active: 1 Started: 23 Finished: 22
2025-11-08 21:10:00,517 INFO o.a.j.t.JMeterThread: Thread is done: Usuários Simultâneos 1-23
2025-11-08 21:10:00,517 INFO o.a.j.t.JMeterThread: Thread finished: Usuários Simultâneos 1-23
2025-11-08 21:10:00,973 INFO o.a.j.t.JMeterThread: Thread started: Usuários Simultâneos 1-24
2025-11-08 21:10:01,182 INFO o.a.j.t.JMeterThread: Thread is done: Usuários Simultâneos 1-24
2025-11-08 21:10:01,182 INFO o.a.j.t.JMeterThread: Thread finished: Usuários Simultâneos 1-24
2025-11-08 21:10:01,632 INFO o.a.j.t.JMeterThread: Thread started: Usuários Simultâneos 1-25
2025-11-08 21:10:01,935 INFO o.a.j.t.JMeterThread: Thread is done: Usuários Simultâneos 1-25
2025-11-08 21:10:01,935 INFO o.a.j.t.JMeterThread: Thread finished: Usuários Simultâneos 1-25
2025-11-08 21:10:02,298 INFO o.a.j.t.JMeterThread: Thread started: Usuários Simultâneos 1-26
2025-11-08 21:10:02,526 INFO o.a.j.t.JMeterThread: Thread is done: Usuários Simultâneos 1-26
2025-11-08 21:10:02,526 INFO o.a.j.t.JMeterThread: Thread finished: Usuários Simultâneos 1-26
2025-11-08 21:10:02,966 INFO o.a.j.t.JMeterThread: Thread started: Usuários Simultâneos 1-27
2025-11-08 21:10:03,180 INFO o.a.j.t.JMeterThread: Thread is done: Usuários Simultâneos 1-27
2025-11-08 21:10:03,180 INFO o.a.j.t.JMeterThread: Thread finished: Usuários Simultâneos 1-27
2025-11-08 21:10:03,633 INFO o.a.j.t.JMeterThread: Thread started: Usuários Simultâneos 1-28
2025-11-08 21:10:03,871 INFO o.a.j.t.JMeterThread: Thread is done: Usuários Simultâneos 1-28
2025-11-08 21:10:03,871 INFO o.a.j.t.JMeterThread: Thread finished: Usuários Simultâneos 1-28
2025-11-08 21:10:04,300 INFO o.a.j.t.JMeterThread: Thread started: Usuários Simultâneos 1-29
2025-11-08 21:10:04,531 INFO o.a.j.t.JMeterThread: Thread is done: Usuários Simultâneos 1-29
2025-11-08 21:10:04,531 INFO o.a.j.t.JMeterThread: Thread finished: Usuários Simultâneos 1-29
2025-11-08 21:10:04,981 INFO o.a.j.t.JMeterThread: Thread started: Usuários Simultâneos 1-30
2025-11-08 21:10:05,210 INFO o.a.j.t.JMeterThread: Thread is done: Usuários Simultâneos 1-30
2025-11-08 21:10:05,210 INFO o.a.j.t.JMeterThread: Thread finished: Usuários Simultâneos 1-30
2025-11-08 21:10:05,212 INFO o.a.j.e.StandardJMeterEngine: Notifying test listeners of end of test
2025-11-08 21:10:05,212 INFO o.a.j.r.Summariser: summary +      7 in 00:00:05 =    1.5/s Avg:   234 Min:   207 Max:   302 Err:     0 (0.00%) Active: 0 Started: 30 Finished: 30
2025-11-08 21:10:05,213 INFO o.a.j.r.Summariser: summary =     30 in 00:00:20 =    1.5/s Avg:   296 Min:   207 Max:   704 Err:     0 (0.00%)
2025-11-08 21:10:05,214 INFO o.a.j.JMeter: Generating Dashboard
2025-11-08 21:10:05,214 INFO o.a.j.r.d.ReportGenerator: Flushing result collector before report Generation
2025-11-08 21:10:05,225 INFO o.a.j.r.p.NormalizerSampleConsumer: Using format, 'ms', to parse timeStamp field
2025-11-08 21:10:05,311 INFO o.a.j.r.p.AbstractSampleConsumer: class org.apache.jmeter.report.processor.AggregateConsumer#stopProducing(): beginDate produced 0 samples
2025-11-08 21:10:05,311 INFO o.a.j.r.p.AbstractSampleConsumer: class org.apache.jmeter.report.processor.AggregateConsumer#stopProducing(): endDate produced 0 samples
2025-11-08 21:10:05,314 INFO o.a.j.r.p.AbstractSampleConsumer: class org.apache.jmeter.report.processor.ApdexSummaryConsumer#stopProducing(): apdexSummary produced 0 samples
2025-11-08 21:10:05,314 INFO o.a.j.r.p.AbstractSampleConsumer: class org.apache.jmeter.report.processor.RequestsSummaryConsumer#stopProducing(): requestsSummary produced 0 samples
2025-11-08 21:10:05,324 INFO o.a.j.r.p.AbstractSampleConsumer: class org.apache.jmeter.report.processor.StatisticsSummaryConsumer#stopProducing(): statisticsSummary produced 0 samples
2025-11-08 21:10:05,326 INFO o.a.j.r.p.AbstractSampleConsumer: class org.apache.jmeter.report.processor.Top5ErrorsBySamplerConsumer#stopProducing(): top5ErrorsBySampler produced 0 samples
2025-11-08 21:10:05,327 INFO o.a.j.r.p.AbstractSampleConsumer: class org.apache.jmeter.report.processor.ErrorsSummaryConsumer#stopProducing(): errorsSummary produced 0 samples
2025-11-08 21:10:05,327 INFO o.a.j.r.p.AbstractSampleConsumer: class org.apache.jmeter.report.processor.graph.impl.HitsPerSecondGraphConsumer#stopProducing(): hitsPerSecond produced 0 samples
2025-11-08 21:10:05,350 INFO o.a.j.r.p.AbstractSampleConsumer: class org.apache.jmeter.report.processor.graph.impl.LatencyVSRequestGraphConsumer#stopProducing(): latencyVsRequest produced 0 samples
2025-11-08 21:10:05,350 INFO o.a.j.r.p.AbstractSampleConsumer: class org.apache.jmeter.report.processor.graph.impl.SyntheticResponseTimeDistributionGraphConsumer#stopProducing(): syntheticResponseTimeDistribution produced 0 samples
2025-11-08 21:10:05,351 INFO o.a.j.r.p.AbstractSampleConsumer: class org.apache.jmeter.report.processor.graph.impl.BytesThroughputGraphConsumer#stopProducing(): bytesThroughputOverTime produced 0 samples
2025-11-08 21:10:05,351 INFO o.a.j.r.p.AbstractSampleConsumer: class org.apache.jmeter.report.processor.graph.impl.CodesPerSecondGraphConsumer#stopProducing(): codesPerSecond produced 0 samples
2025-11-08 21:10:05,356 INFO o.a.j.r.p.AbstractSampleConsumer: class org.apache.jmeter.report.processor.graph.impl.ResponseTimeVSRequestGraphConsumer#stopProducing(): responseTimeVsRequest produced 0 samples
2025-11-08 21:10:05,356 INFO o.a.j.r.p.AbstractSampleConsumer: class org.apache.jmeter.report.processor.FilterConsumer#stopProducing(): startIntervalControlerFilter produced 210 samples
2025-11-08 21:10:05,356 INFO o.a.j.r.p.AbstractSampleConsumer: class org.apache.jmeter.report.processor.graph.impl.TotalTPSGraphConsumer#stopProducing(): totalTPS produced 0 samples
2025-11-08 21:10:05,357 INFO o.a.j.r.p.AbstractSampleConsumer: class org.apache.jmeter.report.processor.graph.impl.ActiveThreadsGraphConsumer#stopProducing(): activeThreadsOverTime produced 0 samples
2025-11-08 21:10:05,357 INFO o.a.j.r.p.AbstractSampleConsumer: class org.apache.jmeter.report.processor.graph.impl.TimeVSThreadGraphConsumer#stopProducing(): timeVsThreads produced 0 samples
2025-11-08 21:10:05,357 INFO o.a.j.r.p.AbstractSampleConsumer: class org.apache.jmeter.report.processor.graph.impl.ResponseTimeDistributionGraphConsumer#stopProducing(): responseTimeDistribution produced 0 samples
2025-11-08 21:10:05,357 INFO o.a.j.r.p.AbstractSampleConsumer: class org.apache.jmeter.report.processor.graph.impl.TransactionsPerSecondGraphConsumer#stopProducing(): transactionsPerSecond produced 0 samples
2025-11-08 21:10:05,357 INFO o.a.j.r.p.AbstractSampleConsumer: class org.apache.jmeter.report.processor.graph.impl.ResponseTimePercentilesGraphConsumer#stopProducing(): responseTimePercentiles produced 0 samples
2025-11-08 21:10:05,358 INFO o.a.j.r.p.AbstractSampleConsumer: class org.apache.jmeter.report.processor.graph.impl.ResponseTimePercentilesOverTimeGraphConsumer#stopProducing(): responseTimePercentilesOverTime produced 0 samples
2025-11-08 21:10:05,358 INFO o.a.j.r.p.AbstractSampleConsumer: class org.apache.jmeter.report.processor.graph.impl.ResponseTimeOverTimeGraphConsumer#stopProducing(): responseTimesOverTime produced 0 samples
2025-11-08 21:10:05,359 INFO o.a.j.r.p.AbstractSampleConsumer: class org.apache.jmeter.report.processor.graph.impl.ConnectTimeOverTimeGraphConsumer#stopProducing(): connectTimeOverTime produced 0 samples
2025-11-08 21:10:05,359 INFO o.a.j.r.p.AbstractSampleConsumer: class org.apache.jmeter.report.processor.graph.impl.LatencyOverTimeGraphConsumer#stopProducing(): latenciesOverTime produced 0 samples
2025-11-08 21:10:05,359 INFO o.a.j.r.p.AbstractSampleConsumer: class org.apache.jmeter.report.processor.FilterConsumer#stopProducing(): nameFilter produced 450 samples
2025-11-08 21:10:05,359 INFO o.a.j.r.p.AbstractSampleConsumer: class org.apache.jmeter.report.processor.FilterConsumer#stopProducing(): dateRangeFilter produced 90 samples
2025-11-08 21:10:05,359 INFO o.a.j.r.p.AbstractSampleConsumer: class org.apache.jmeter.report.processor.NormalizerSampleConsumer#stopProducing(): normalizer produced 30 samples
2025-11-08 21:10:05,360 INFO o.a.j.r.p.CsvFileSampleSource: produce(): 30 samples produced in 100ms on channel 0
2025-11-08 21:10:05,360 INFO o.a.j.r.d.ReportGenerator: Exporting data using exporter:'json' of className:'org.apache.jmeter.report.dashboard.JsonExporter'
2025-11-08 21:10:05,463 INFO o.a.j.r.d.JsonExporter: Found data for consumer statisticsSummary in context
2025-11-08 21:10:05,464 INFO o.a.j.r.d.JsonExporter: Creating statistics for overall
2025-11-08 21:10:05,465 INFO o.a.j.r.d.JsonExporter: Creating statistics for other transactions
2025-11-08 21:10:05,466 INFO o.a.j.r.d.JsonExporter: Checking output folder
2025-11-08 21:10:05,467 INFO o.a.j.r.d.JsonExporter: Writing statistics JSON to C:\Users\Usuario\repositorios\desafio-tecnico-qa-lacrei-saude\tests\performance\results\report\statistics.json
2025-11-08 21:10:05,540 INFO o.a.j.r.d.ReportGenerator: Exporting data using exporter:'html' of className:'org.apache.jmeter.report.dashboard.HtmlTemplateExporter'
2025-11-08 21:10:05,543 INFO o.a.j.r.d.HtmlTemplateExporter: Will generate dashboard in folder: C:\Users\Usuario\repositorios\desafio-tecnico-qa-lacrei-saude\tests\performance\results\report
2025-11-08 21:10:05,675 INFO o.a.j.r.d.HtmlTemplateExporter: Report will be generated in: C:\Users\Usuario\repositorios\desafio-tecnico-qa-lacrei-saude\tests\performance\results\report, creating folder structure
2025-11-08 21:10:05,677 INFO o.a.j.r.d.TemplateVisitor: Copying folder from 'C:\Users\Usuario\apache-jmeter-5.6.3\bin\report-template' to 'C:\Users\Usuario\repositorios\desafio-tecnico-qa-lacrei-saude\tests\performance\results\report', got message: C:\Users\Usuario\repositorios\desafio-tecnico-qa-lacrei-saude\tests\performance\results\report, found non empty folder with following content [C:\Users\Usuario\repositorios\desafio-tecnico-qa-lacrei-saude\tests\performance\results\report\statistics.json], will be ignored
2025-11-08 21:10:06,181 INFO o.a.j.JMeter: Dashboard generated
